<?xml version="1.0" encoding="UTF-8"?>
<!-- Generated by org.testng.reporters.JUnitXMLReporter -->
<testsuite ignored="0" hostname="DESKTOP-L4FEQIQ" failures="2" tests="3" name="Test" time="29.198" errors="0" timestamp="2024-08-29T19:41:21 IST">
  <testcase classname="Project1_Amazon_test.TestCase8_sorting" name="amazon_sort" time="5.647">
    <skipped/>
  </testcase> <!-- amazon_sort -->
  <testcase classname="Project1_Amazon_test.TestCase8_sorting" name="amazon_sort" time="5.376">
    <failure type="org.openqa.selenium.ElementClickInterceptedException" message="element click intercepted: Element &amp;lt;i class=&amp;quot;a-icon a-icon-dropdown&amp;quot;&amp;gt;&amp;lt;/i&amp;gt; is not clickable at point (1496, 118). Other element would receive the click: &amp;lt;span class=&amp;quot;a-button-text a-declarative&amp;quot; data-csa-c-func-deps=&amp;quot;aui-da-a-dropdown-button&amp;quot; data-csa-c-type=&amp;quot;widget&amp;quot; data-csa-interaction-events=&amp;quot;click&amp;quot; data-action=&amp;quot;a-dropdown-button&amp;quot; aria-hidden=&amp;quot;true&amp;quot; data-csa-c-id=&amp;quot;9rk41p-adclyu-s7hfpl-5labop&amp;quot; id=&amp;quot;a-autoid-0-announce&amp;quot;&amp;gt;...&amp;lt;/span&amp;gt;
  (Session info: chrome=128.0.6613.85)
Build info: version: &amp;apos;4.23.0&amp;apos;, revision: &amp;apos;4df0a231af&amp;apos;
System info: os.name: &amp;apos;Windows 11&amp;apos;, os.arch: &amp;apos;amd64&amp;apos;, os.version: &amp;apos;10.0&amp;apos;, java.version: &amp;apos;17.0.2&amp;apos;
Driver info: org.openqa.selenium.chrome.ChromeDriver
Command: [0dc3b8fb276db77028e777e6e4d9eed7, clickElement {id=f.CCD1779E98B62C111371E8818ED377D4.d.1AD94D67474C15552E9D69220AB30AE8.e.371}]
Capabilities {acceptInsecureCerts: false, browserName: chrome, browserVersion: 128.0.6613.85, chrome: {chromedriverVersion: 128.0.6613.86 (3045ed680fda..., userDataDir: C:\Users\dell\AppData\Local...}, fedcm:accounts: true, goog:chromeOptions: {debuggerAddress: localhost:50951}, networkConnectionEnabled: false, pageLoadStrategy: normal, platformName: windows, proxy: Proxy(), se:cdp: ws://localhost:50951/devtoo..., se:cdpVersion: 128.0.6613.85, setWindowRect: true, strictFileInteractability: false, timeouts: {implicit: 0, pageLoad: 300000, script: 30000}, unhandledPromptBehavior: dismiss and notify, webauthn:extension:credBlob: true, webauthn:extension:largeBlob: true, webauthn:extension:minPinLength: true, webauthn:extension:prf: true, webauthn:virtualAuthenticators: true}
Element: [[ChromeDriver: chrome on windows (0dc3b8fb276db77028e777e6e4d9eed7)] -&amp;gt; xpath: (//i[@class=&amp;apos;a-icon a-icon-dropdown&amp;apos;])]
Session ID: 0dc3b8fb276db77028e777e6e4d9eed7">
      <![CDATA[org.openqa.selenium.ElementClickInterceptedException: element click intercepted: Element <i class="a-icon a-icon-dropdown"></i> is not clickable at point (1496, 118). Other element would receive the click: <span class="a-button-text a-declarative" data-csa-c-func-deps="aui-da-a-dropdown-button" data-csa-c-type="widget" data-csa-interaction-events="click" data-action="a-dropdown-button" aria-hidden="true" data-csa-c-id="9rk41p-adclyu-s7hfpl-5labop" id="a-autoid-0-announce">...</span>
  (Session info: chrome=128.0.6613.85)
Build info: version: '4.23.0', revision: '4df0a231af'
System info: os.name: 'Windows 11', os.arch: 'amd64', os.version: '10.0', java.version: '17.0.2'
Driver info: org.openqa.selenium.chrome.ChromeDriver
Command: [0dc3b8fb276db77028e777e6e4d9eed7, clickElement {id=f.CCD1779E98B62C111371E8818ED377D4.d.1AD94D67474C15552E9D69220AB30AE8.e.371}]
Capabilities {acceptInsecureCerts: false, browserName: chrome, browserVersion: 128.0.6613.85, chrome: {chromedriverVersion: 128.0.6613.86 (3045ed680fda..., userDataDir: C:\Users\dell\AppData\Local...}, fedcm:accounts: true, goog:chromeOptions: {debuggerAddress: localhost:50951}, networkConnectionEnabled: false, pageLoadStrategy: normal, platformName: windows, proxy: Proxy(), se:cdp: ws://localhost:50951/devtoo..., se:cdpVersion: 128.0.6613.85, setWindowRect: true, strictFileInteractability: false, timeouts: {implicit: 0, pageLoad: 300000, script: 30000}, unhandledPromptBehavior: dismiss and notify, webauthn:extension:credBlob: true, webauthn:extension:largeBlob: true, webauthn:extension:minPinLength: true, webauthn:extension:prf: true, webauthn:virtualAuthenticators: true}
Element: [[ChromeDriver: chrome on windows (0dc3b8fb276db77028e777e6e4d9eed7)] -> xpath: (//i[@class='a-icon a-icon-dropdown'])]
Session ID: 0dc3b8fb276db77028e777e6e4d9eed7
at org.openqa.selenium.remote.ErrorCodec.decode(ErrorCodec.java:167)
at org.openqa.selenium.remote.codec.w3c.W3CHttpResponseCodec.decode(W3CHttpResponseCodec.java:138)
at org.openqa.selenium.remote.codec.w3c.W3CHttpResponseCodec.decode(W3CHttpResponseCodec.java:50)
at org.openqa.selenium.remote.HttpCommandExecutor.execute(HttpCommandExecutor.java:190)
at org.openqa.selenium.remote.service.DriverCommandExecutor.invokeExecute(DriverCommandExecutor.java:216)
at org.openqa.selenium.remote.service.DriverCommandExecutor.execute(DriverCommandExecutor.java:174)
at org.openqa.selenium.remote.RemoteWebDriver.execute(RemoteWebDriver.java:527)
at org.openqa.selenium.remote.RemoteWebElement.execute(RemoteWebElement.java:223)
at org.openqa.selenium.remote.RemoteWebElement.click(RemoteWebElement.java:76)
at org.openqa.selenium.support.pagefactory.internal.LocatingElementHandler.invoke(LocatingElementHandler.java:51)
at jdk.proxy2/jdk.proxy2.$Proxy10.click(Unknown Source)
at Project1_Amazon_source.Sorting_page.sorting(Sorting_page.java:39)
at Project1_Amazon_test.TestCase8_sorting.amazon_sort(TestCase8_sorting.java:18)
at java.base/java.util.ArrayList.forEach(ArrayList.java:1511)
... Removed 40 stack frames]]>
    </failure>
  </testcase> <!-- amazon_sort -->
  <testcase classname="Project1_Amazon_test.TestCase8_sorting" name="amazon_sort" time="29.175">
    <failure type="java.lang.NullPointerException" message="Cannot invoke &amp;quot;org.openqa.selenium.TakesScreenshot.getScreenshotAs(org.openqa.selenium.OutputType)&amp;quot; because &amp;quot;ts&amp;quot; is null">
      <![CDATA[java.lang.NullPointerException: Cannot invoke "org.openqa.selenium.TakesScreenshot.getScreenshotAs(org.openqa.selenium.OutputType)" because "ts" is null
at Utility.Listener.onTestFailure(Listener.java:50)
at java.base/java.util.ArrayList.forEach(ArrayList.java:1511)
... Removed 28 stack frames]]>
    </failure>
  </testcase> <!-- amazon_sort -->
</testsuite> <!-- Test -->
